::1 - - [08/Jul/2021:05:23:06 +0000] "GET / HTTP/1.1" 304 -
::1 - - [08/Jul/2021:05:32:40 +0000] "GET /test HTTP/1.1" - -
::1 - - [08/Jul/2021:05:35:31 +0000] "GET /test HTTP/1.1" - -
::1 - - [08/Jul/2021:06:50:14 +0000] "GET /test HTTP/1.1" - -
::1 - - [08/Jul/2021:07:17:29 +0000] "GET /test HTTP/1.1" 500 1326
::1 - - [08/Jul/2021:07:18:33 +0000] "GET /test HTTP/1.1" 200 5
::1 - - [08/Jul/2021:07:19:43 +0000] "GET /test HTTP/1.1" 304 -
::1 - - [08/Jul/2021:07:35:36 +0000] "GET / HTTP/1.1" 304 -
::1 - - [08/Jul/2021:07:35:52 +0000] "GET /test HTTP/1.1" 304 -
::1 - - [08/Jul/2021:07:46:49 +0000] "GET /test HTTP/1.1" 304 -
::1 - - [08/Jul/2021:07:48:11 +0000] "GET /test HTTP/1.1" 304 -
::1 - - [08/Jul/2021:07:48:34 +0000] "GET /test HTTP/1.1" 304 -
::1 - - [08/Jul/2021:07:55:45 +0000] "GET /add HTTP/1.1" 200 5
::1 - - [08/Jul/2021:09:49:21 +0000] "GET /add HTTP/1.1" 304 -
::1 - - [07/Jul/2022:16:22:13 +0000] "GET / HTTP/1.1" 200 96
::1 - - [07/Jul/2022:16:22:13 +0000] "GET /favicon.ico HTTP/1.1" 404 992
::1 - - [07/Jul/2022:16:22:25 +0000] "GET /user HTTP/1.1" 404 992
::1 - - [07/Jul/2022:16:22:31 +0000] "GET /users/res HTTP/1.1" 200 23
::1 - - [07/Jul/2022:16:22:58 +0000] "GET / HTTP/1.1" 304 -
::1 - - [07/Jul/2022:16:23:04 +0000] "GET /login HTTP/1.1" 200 347
::1 - - [07/Jul/2022:16:25:03 +0000] "GET / HTTP/1.1" 304 -
::1 - - [07/Jul/2022:16:25:15 +0000] "GET / HTTP/1.1" 200 33
::1 - - [12/Aug/2022:12:17:03 +0000] "GET / HTTP/1.1" 200 33
::1 - - [12/Aug/2022:12:17:03 +0000] "GET /favicon.ico HTTP/1.1" 404 992
::1 - - [12/Aug/2022:12:34:26 +0000] "POST /auth HTTP/1.1" 500 1063
::1 - - [12/Aug/2022:12:34:47 +0000] "POST /auth HTTP/1.1" 500 1063
::1 - - [12/Aug/2022:12:35:33 +0000] "POST /auth HTTP/1.1" 200 8
::1 - - [12/Aug/2022:12:36:47 +0000] "POST /auth HTTP/1.1" 200 8
::1 - - [12/Aug/2022:12:36:54 +0000] "POST /auth HTTP/1.1" 200 8
::1 - - [12/Aug/2022:12:37:04 +0000] "POST /auth HTTP/1.1" 200 8
::1 - - [12/Aug/2022:12:38:57 +0000] "POST /auth HTTP/1.1" 200 8
::1 - - [12/Aug/2022:12:39:34 +0000] "POST /auth HTTP/1.1" 200 8
::1 - - [12/Aug/2022:12:44:07 +0000] "POST /auth HTTP/1.1" 200 8
::1 - - [12/Aug/2022:12:44:38 +0000] "POST /auth HTTP/1.1" 200 8
::1 - - [12/Aug/2022:12:44:48 +0000] "POST /auth HTTP/1.1" 500 1094
::1 - - [12/Aug/2022:12:45:08 +0000] "POST /auth HTTP/1.1" 200 8
::1 - - [12/Aug/2022:12:45:48 +0000] "POST /auth HTTP/1.1" 200 8
::1 - - [12/Aug/2022:12:47:36 +0000] "POST /auth HTTP/1.1" 200 8
::1 - - [12/Aug/2022:12:47:46 +0000] "POST /auth HTTP/1.1" 200 8
::1 - - [12/Aug/2022:12:49:58 +0000] "POST /auth HTTP/1.1" 200 8
::1 - - [12/Aug/2022:12:50:12 +0000] "POST /auth HTTP/1.1" 200 8
::1 - - [12/Aug/2022:12:52:39 +0000] "POST /auth HTTP/1.1" 200 8
::1 - - [12/Aug/2022:12:54:41 +0000] "POST /auth HTTP/1.1" 200 8
::1 - - [12/Aug/2022:12:55:00 +0000] "POST /auth HTTP/1.1" 200 8
::1 - - [12/Aug/2022:12:55:19 +0000] "POST /auth HTTP/1.1" 200 8
::1 - - [12/Aug/2022:12:56:06 +0000] "POST /auth HTTP/1.1" 200 8
::1 - - [12/Aug/2022:12:56:42 +0000] "POST /auth HTTP/1.1" 200 8
::1 - - [12/Aug/2022:12:57:07 +0000] "POST /auth HTTP/1.1" 400 842
::1 - - [12/Aug/2022:12:57:11 +0000] "POST /auth HTTP/1.1" 400 842
::1 - - [12/Aug/2022:12:58:58 +0000] "POST /auth HTTP/1.1" 200 8
::1 - - [12/Aug/2022:12:59:07 +0000] "POST /auth HTTP/1.1" 200 8
::1 - - [12/Aug/2022:12:59:13 +0000] "POST /auth HTTP/1.1" 200 8
::1 - - [12/Aug/2022:12:59:23 +0000] "POST /auth HTTP/1.1" 200 8
::1 - - [12/Aug/2022:12:59:27 +0000] "POST /auth HTTP/1.1" 200 8
::1 - - [12/Aug/2022:14:29:56 +0000] "POST /auth HTTP/1.1" 200 8
::1 - - [12/Aug/2022:15:03:51 +0000] "POST /auth HTTP/1.1" 200 128
::1 - - [12/Aug/2022:15:38:52 +0000] "POST /auth HTTP/1.1" 200 128
::1 - - [12/Aug/2022:15:39:03 +0000] "POST /auth HTTP/1.1" 200 128
::1 - - [12/Aug/2022:15:41:55 +0000] "POST /auth HTTP/1.1" 500 1090
::1 - - [12/Aug/2022:15:51:50 +0000] "POST /auth HTTP/1.1" 200 71
::1 - - [12/Aug/2022:16:41:01 +0000] "POST /auth HTTP/1.1" 200 71
::1 - - [12/Aug/2022:16:42:44 +0000] "GET /auth HTTP/1.1" 404 992
::1 - - [12/Aug/2022:16:42:53 +0000] "GET /home HTTP/1.1" 200 3
::1 - - [12/Aug/2022:16:43:19 +0000] "GET /home HTTP/1.1" 403 9
::1 - - [12/Aug/2022:16:43:25 +0000] "GET /home HTTP/1.1" 200 3
::1 - - [13/Aug/2022:06:40:43 +0000] "GET /home HTTP/1.1" 401 12
::1 - - [13/Aug/2022:06:40:44 +0000] "GET /favicon.ico HTTP/1.1" 404 992
::1 - - [13/Aug/2022:06:40:45 +0000] "GET / HTTP/1.1" 304 -
::1 - - [13/Aug/2022:06:40:50 +0000] "GET /home HTTP/1.1" 401 12
::1 - - [13/Aug/2022:06:40:55 +0000] "GET /home HTTP/1.1" 401 12
::1 - - [13/Aug/2022:06:40:55 +0000] "GET /home HTTP/1.1" 401 12
::1 - - [13/Aug/2022:06:41:17 +0000] "GET /auth HTTP/1.1" 404 992
::1 - - [13/Aug/2022:07:38:04 +0000] "POST /auth HTTP/1.1" 403 92
::1 - - [13/Aug/2022:07:38:10 +0000] "GET /home HTTP/1.1" 401 12
::1 - - [13/Aug/2022:07:39:51 +0000] "GET /home HTTP/1.1" 401 12
::1 - - [13/Aug/2022:07:43:18 +0000] "POST /auth HTTP/1.1" 200 92
::1 - - [13/Aug/2022:07:43:35 +0000] "POST /auth HTTP/1.1" 200 92
::1 - - [13/Aug/2022:07:45:09 +0000] "POST /auth HTTP/1.1" 200 92
::1 - - [13/Aug/2022:07:47:40 +0000] "POST /auth HTTP/1.1" 200 92
::1 - - [13/Aug/2022:08:03:17 +0000] "GET /home HTTP/1.1" 304 -
::1 - - [13/Aug/2022:08:03:25 +0000] "GET /home HTTP/1.1" 304 -
::1 - - [13/Aug/2022:10:21:41 +0000] "POST /auth HTTP/1.1" 500 1071
::1 - - [13/Aug/2022:10:22:13 +0000] "GET /home HTTP/1.1" 304 -
::1 - - [13/Aug/2022:10:22:39 +0000] "GET /home HTTP/1.1" 304 -
::1 - - [13/Aug/2022:10:29:21 +0000] "POST /user/addUser HTTP/1.1" 404 992
::1 - - [13/Aug/2022:10:29:47 +0000] "POST /users/addUser HTTP/1.1" 200 23
::1 - - [13/Aug/2022:10:33:38 +0000] "POST /users/addUser HTTP/1.1" 200 22
::1 - - [13/Aug/2022:10:34:32 +0000] "POST /users/validateUser HTTP/1.1" 200 14
::1 - - [13/Aug/2022:10:40:34 +0000] "GET /home HTTP/1.1" 401 12
::1 - - [13/Aug/2022:10:40:37 +0000] "POST /auth HTTP/1.1" 500 1174
::1 - - [13/Aug/2022:10:42:02 +0000] "POST /auth HTTP/1.1" 500 10
::1 - - [13/Aug/2022:10:45:13 +0000] "POST /auth HTTP/1.1" 500 10
::1 - - [13/Aug/2022:10:45:26 +0000] "POST /auth HTTP/1.1" 500 10
::1 - - [13/Aug/2022:10:46:36 +0000] "POST /auth HTTP/1.1" 500 10
::1 - - [13/Aug/2022:10:47:07 +0000] "POST /auth HTTP/1.1" 500 10
::1 - - [13/Aug/2022:10:47:16 +0000] "POST /auth HTTP/1.1" 500 10
::1 - - [13/Aug/2022:10:47:21 +0000] "POST /auth HTTP/1.1" 500 10
::1 - - [13/Aug/2022:10:47:58 +0000] "POST /auth HTTP/1.1" 500 10
::1 - - [13/Aug/2022:10:50:42 +0000] "POST /auth HTTP/1.1" 500 10
::1 - - [13/Aug/2022:10:51:07 +0000] "POST /auth HTTP/1.1" 500 10
::1 - - [13/Aug/2022:10:52:00 +0000] "POST /auth HTTP/1.1" 200 92
::1 - - [13/Aug/2022:10:52:42 +0000] "GET / HTTP/1.1" 304 -
::1 - - [13/Aug/2022:10:53:00 +0000] "GET /home HTTP/1.1" 401 12
::1 - - [13/Aug/2022:10:57:00 +0000] "POST /auth HTTP/1.1" 200 92
::1 - - [13/Aug/2022:10:58:10 +0000] "POST /users/addUser HTTP/1.1" 200 22
::1 - - [13/Aug/2022:10:59:20 +0000] "GET / HTTP/1.1" 304 -
::1 - - [09/Sep/2022:11:19:47 +0000] "OPTIONS /users/addUser HTTP/1.1" 200 4
::1 - - [09/Sep/2022:11:28:21 +0000] "OPTIONS /users/addUser HTTP/1.1" 200 4
::1 - - [09/Sep/2022:11:30:09 +0000] "OPTIONS /users/addUser HTTP/1.1" 200 4
::1 - - [09/Sep/2022:13:58:13 +0000] "OPTIONS /users/addUser HTTP/1.1" 200 4
::1 - - [09/Sep/2022:16:33:38 +0000] "OPTIONS /users/addUser HTTP/1.1" 200 4
::1 - - [09/Sep/2022:16:37:12 +0000] "OPTIONS /users/addUser HTTP/1.1" 200 4
::1 - - [09/Sep/2022:16:37:28 +0000] "GET /users/addUser HTTP/1.1" 404 31
::1 - - [09/Sep/2022:17:37:41 +0000] "OPTIONS /users/addUser HTTP/1.1" 200 4
::1 - - [09/Sep/2022:17:58:33 +0000] "OPTIONS /users/addUser HTTP/1.1" 200 4
::1 - - [09/Sep/2022:18:02:26 +0000] "OPTIONS /users/addUser HTTP/1.1" 200 4
::1 - - [09/Sep/2022:18:04:47 +0000] "OPTIONS /users/addUser HTTP/1.1" 200 4
::1 - - [09/Sep/2022:18:06:47 +0000] "POST /users/addUser HTTP/1.1" 200 43
::1 - - [09/Sep/2022:18:08:41 +0000] "POST /users/addUser HTTP/1.1" 200 43
::1 - - [09/Sep/2022:18:10:45 +0000] "OPTIONS /users/addUser HTTP/1.1" 200 4
::1 - - [09/Sep/2022:18:22:05 +0000] "POST /users/addUser HTTP/1.1" 200 43
::1 - - [09/Sep/2022:18:33:15 +0000] "POST /auth HTTP/1.1" 403 32
::1 - - [09/Sep/2022:18:35:59 +0000] "POST /auth HTTP/1.1" 403 32
::1 - - [09/Sep/2022:18:36:38 +0000] "POST /auth HTTP/1.1" 403 32
::1 - - [09/Sep/2022:18:45:16 +0000] "POST /auth HTTP/1.1" 403 32
::1 - - [09/Sep/2022:18:46:33 +0000] "POST /users/addUser HTTP/1.1" 200 43
::1 - - [09/Sep/2022:18:46:43 +0000] "POST /auth HTTP/1.1" 403 32
::1 - - [10/Sep/2022:16:30:57 +0000] "POST /users/addUser HTTP/1.1" 200 43
::1 - - [10/Sep/2022:16:42:11 +0000] "POST /users/addUser HTTP/1.1" 200 43
::1 - - [10/Sep/2022:16:42:21 +0000] "POST /auth HTTP/1.1" 403 32
::1 - - [10/Sep/2022:16:45:43 +0000] "POST /auth HTTP/1.1" 403 32
::1 - - [10/Sep/2022:16:46:07 +0000] "POST /users/addUser HTTP/1.1" 200 43
::1 - - [10/Sep/2022:16:47:34 +0000] "POST /auth HTTP/1.1" 403 32
::1 - - [10/Sep/2022:16:48:38 +0000] "POST /auth HTTP/1.1" 403 32
::1 - - [10/Sep/2022:17:13:42 +0000] "POST /users/addUser HTTP/1.1" 200 43
::1 - - [10/Sep/2022:17:16:59 +0000] "POST /users/addUser HTTP/1.1" 200 43
::1 - - [10/Sep/2022:17:18:07 +0000] "POST /users/addUser HTTP/1.1" 200 43
::1 - - [10/Sep/2022:17:18:27 +0000] "POST /users/addUser HTTP/1.1" 200 43
::1 - - [10/Sep/2022:17:21:00 +0000] "POST /users/addUser HTTP/1.1" 200 10
::1 - - [10/Sep/2022:17:21:23 +0000] "POST /users/addUser HTTP/1.1" 200 10
::1 - - [10/Sep/2022:17:41:53 +0000] "POST /users/addUser HTTP/1.1" 200 10
::1 - - [10/Sep/2022:17:42:03 +0000] "POST /users/addUser HTTP/1.1" 200 10
::1 - - [10/Sep/2022:18:05:02 +0000] "POST /auth HTTP/1.1" 403 32
::1 - - [10/Sep/2022:18:07:24 +0000] "POST /auth HTTP/1.1" 403 32
::1 - - [10/Sep/2022:18:24:48 +0000] "POST /users/addUser HTTP/1.1" 200 10
::1 - - [10/Sep/2022:18:25:56 +0000] "POST /users/addUser HTTP/1.1" 200 10
::1 - - [10/Sep/2022:18:29:33 +0000] "POST /users/addUser HTTP/1.1" 200 10
::1 - - [10/Sep/2022:18:30:49 +0000] "POST /users/addUser HTTP/1.1" 200 10
::1 - - [10/Sep/2022:18:35:21 +0000] "POST /users/addUser HTTP/1.1" 200 10
::1 - - [10/Sep/2022:18:40:56 +0000] "POST /users/addUser HTTP/1.1" 200 10
::1 - - [10/Sep/2022:18:42:46 +0000] "POST /users/addUser HTTP/1.1" 200 10
::1 - - [10/Sep/2022:18:45:11 +0000] "POST /users/addUser HTTP/1.1" 200 10
::1 - - [10/Sep/2022:18:47:09 +0000] "POST /users/addUser HTTP/1.1" 200 10
::1 - - [10/Sep/2022:18:49:36 +0000] "POST /users/addUser HTTP/1.1" 200 10
::1 - - [10/Sep/2022:18:50:18 +0000] "POST /auth HTTP/1.1" 403 32
::1 - - [10/Sep/2022:18:51:47 +0000] "POST /auth HTTP/1.1" 403 32
::1 - - [10/Sep/2022:18:52:04 +0000] "POST /auth HTTP/1.1" 403 32
::1 - - [10/Sep/2022:18:53:08 +0000] "POST /users/addUser HTTP/1.1" 200 10
::1 - - [10/Sep/2022:18:53:12 +0000] "POST /auth HTTP/1.1" 403 32
::1 - - [10/Sep/2022:18:54:28 +0000] "POST /auth HTTP/1.1" 403 32
::1 - - [10/Sep/2022:18:54:42 +0000] "POST /auth HTTP/1.1" 403 32
::1 - - [10/Sep/2022:18:55:06 +0000] "POST /auth HTTP/1.1" 403 32
::1 - - [10/Sep/2022:18:55:24 +0000] "POST /auth HTTP/1.1" 403 32
::1 - - [10/Sep/2022:18:55:52 +0000] "POST /auth HTTP/1.1" 403 32
::1 - - [10/Sep/2022:18:56:35 +0000] "POST /auth HTTP/1.1" 403 32
::1 - - [10/Sep/2022:18:58:18 +0000] "POST /auth HTTP/1.1" 403 32
::1 - - [10/Sep/2022:18:58:45 +0000] "POST /auth HTTP/1.1" 403 32
::1 - - [10/Sep/2022:19:04:15 +0000] "POST /auth HTTP/1.1" 403 32
::1 - - [10/Sep/2022:19:09:27 +0000] "POST /auth HTTP/1.1" 403 32
::1 - - [10/Sep/2022:19:13:26 +0000] "POST /auth HTTP/1.1" 200 110
::1 - - [10/Sep/2022:19:15:48 +0000] "OPTIONS /users/validateUser HTTP/1.1" 200 4
::1 - - [10/Sep/2022:19:19:11 +0000] "POST /users/validateUser HTTP/1.1" 401 12
::1 - - [10/Sep/2022:19:21:38 +0000] "POST /users/validateUser HTTP/1.1" 401 12
::1 - - [10/Sep/2022:19:23:01 +0000] "POST /users/validateUser HTTP/1.1" 401 12
::1 - - [10/Sep/2022:19:23:39 +0000] "POST /users/validateUser HTTP/1.1" 401 12
::1 - - [10/Sep/2022:19:24:06 +0000] "POST /users/validateUser HTTP/1.1" 401 12
::1 - - [10/Sep/2022:19:24:19 +0000] "POST /users/validateUser HTTP/1.1" 401 12
::1 - - [10/Sep/2022:19:25:28 +0000] "POST /users/validateUser HTTP/1.1" 401 12
::1 - - [10/Sep/2022:19:33:33 +0000] "POST /users/validateUser HTTP/1.1" 401 12
::1 - - [10/Sep/2022:19:35:16 +0000] "POST /users/validateUser HTTP/1.1" 401 12
::1 - - [10/Sep/2022:19:45:12 +0000] "POST /users/validateUser HTTP/1.1" 401 12
::1 - - [10/Sep/2022:19:47:11 +0000] "POST /users/validateUser HTTP/1.1" 401 12
::1 - - [10/Sep/2022:19:47:42 +0000] "POST /users/validateUser HTTP/1.1" 401 12
::1 - - [10/Sep/2022:19:51:36 +0000] "POST /users/validateUser HTTP/1.1" 401 12
::1 - - [10/Sep/2022:19:52:07 +0000] "POST /users/validateUser HTTP/1.1" 401 12
::1 - - [10/Sep/2022:19:52:19 +0000] "POST /users/validateUser HTTP/1.1" 401 12
::1 - - [10/Sep/2022:19:59:10 +0000] "POST /users/validateUser HTTP/1.1" 401 12
::1 - - [10/Sep/2022:20:00:11 +0000] "POST /users/validateUser HTTP/1.1" 401 12
::1 - - [10/Sep/2022:20:00:21 +0000] "GET /users/validateUser HTTP/1.1" 404 31
::1 - - [10/Sep/2022:20:00:27 +0000] "GET /users/validateUser HTTP/1.1" 404 31
::1 - - [11/Sep/2022:06:23:54 +0000] "POST /auth HTTP/1.1" 200 110
::1 - - [11/Sep/2022:06:24:13 +0000] "GET /users/validateUser HTTP/1.1" 404 31
::1 - - [11/Sep/2022:06:25:06 +0000] "GET /users/validateUser HTTP/1.1" 404 31
::1 - - [11/Sep/2022:06:25:36 +0000] "POST /users/validateUser HTTP/1.1" 401 12
::1 - - [11/Sep/2022:11:00:19 +0000] "POST /users/validateUser HTTP/1.1" 401 12
::1 - - [11/Sep/2022:11:01:34 +0000] "POST /users/validateUser HTTP/1.1" 401 12
::1 - - [11/Sep/2022:11:07:39 +0000] "POST /users/validateUser HTTP/1.1" 401 12
::1 - - [11/Sep/2022:11:07:51 +0000] "POST /auth HTTP/1.1" 200 110
::1 - - [11/Sep/2022:11:08:07 +0000] "POST /users/validateUser HTTP/1.1" 401 12
::1 - - [11/Sep/2022:11:08:47 +0000] "POST /users/validateUser HTTP/1.1" 200 27
::1 - - [11/Sep/2022:11:19:07 +0000] "POST /auth/ HTTP/1.1" 403 32
::1 - - [11/Sep/2022:11:19:42 +0000] "POST /auth/ HTTP/1.1" 403 32
::1 - - [11/Sep/2022:11:20:12 +0000] "POST /auth HTTP/1.1" 200 110
::1 - - [11/Sep/2022:11:20:18 +0000] "POST /auth/ HTTP/1.1" 403 32
::1 - - [11/Sep/2022:11:21:51 +0000] "POST /auth/ HTTP/1.1" 403 32
::1 - - [11/Sep/2022:11:22:37 +0000] "POST /auth/ HTTP/1.1" 403 32
::1 - - [11/Sep/2022:11:22:52 +0000] "POST /auth/ HTTP/1.1" 403 32
::1 - - [11/Sep/2022:11:23:23 +0000] "POST /auth/ HTTP/1.1" 200 110
::1 - - [11/Sep/2022:12:05:32 +0000] "POST /auth/ HTTP/1.1" 200 110
::1 - - [11/Sep/2022:12:06:28 +0000] "POST /auth/ HTTP/1.1" 200 110
::1 - - [11/Sep/2022:12:09:23 +0000] "POST /auth/ HTTP/1.1" 200 110
::1 - - [11/Sep/2022:12:09:47 +0000] "POST /auth/ HTTP/1.1" 200 110
::1 - - [11/Sep/2022:12:10:16 +0000] "POST /auth/ HTTP/1.1" 200 110
::1 - - [11/Sep/2022:12:10:23 +0000] "POST /auth/ HTTP/1.1" 200 110
::1 - - [11/Sep/2022:12:10:54 +0000] "POST /auth/ HTTP/1.1" 200 110
::1 - - [11/Sep/2022:12:11:19 +0000] "POST /auth/ HTTP/1.1" 403 32
::1 - - [25/Oct/2022:07:55:10 +0000] "POST /auth/ HTTP/1.1" 403 32
::1 - - [25/Oct/2022:08:01:38 +0000] "POST /auth/ HTTP/1.1" 403 32
::1 - - [25/Oct/2022:08:04:50 +0000] "POST /auth/ HTTP/1.1" 200 110
::1 - - [25/Oct/2022:08:04:52 +0000] "POST /auth/ HTTP/1.1" 200 110
